pdbfile 1: 1cnx_prot_qr.pdb
pdbfile 2: dockeye_lig_mark_2.pdb
# of atoms 1:   2491   2:     28
geometric centers: 
1:    -9.668   -1.693   16.036 
2:     0.576    8.886    8.215 
net charge 1:     9.064 2:     0.997 
energy parameters dielectric:   80.000 VDW depth:    0.100
# of ligand conformers:     30
new min:     -0.14907      -1.3414      -1.4905 model   13 
     1.00000      0.00000      0.00000      0.00000 
     0.00000      1.00000      0.00000      0.00000 
     0.00000      0.00000      1.00000      0.00000 
     0.00000      0.00000      0.00000      1.00000 
     1.00000      0.00000      0.00000      0.00000 
     0.00000      1.00000      0.00000      0.00000 
     0.00000      0.00000      1.00000      0.00000 
     0.00000      0.00000      0.00000      1.00000 
new min:     -0.14908      -1.3499       -1.499 model   13 
     1.00000      0.00000      0.00000      0.00000 
     0.00000      1.00000      0.00000      0.00000 
     0.00000      0.00000      1.00000      0.00000 
     0.00000      0.00000      0.00000      1.00000 
     1.00000      0.00000      0.00000      0.02757 
     0.00000      1.00000      0.00000     -0.01846 
     0.00000      0.00000      1.00000      0.00420 
     0.00000      0.00000      0.00000      1.00000 
new min:     -0.41877      -1.1512        -1.57 model   28 
     1.00000      0.00000      0.00000      0.00000 
     0.00000      1.00000      0.00000      0.00000 
     0.00000      0.00000      1.00000      0.00000 
     0.00000      0.00000      0.00000      1.00000 
     1.00000      0.00000      0.00000     -0.42856 
     0.00000      1.00000      0.00000     -1.58561 
     0.00000      0.00000      1.00000     -0.42827 
     0.00000      0.00000      0.00000      1.00000 
new min:    -0.047817      -1.9873      -2.0351 model    7 
     1.00000      0.00000      0.00000      0.00000 
     0.00000      1.00000      0.00000      0.00000 
     0.00000      0.00000      1.00000      0.00000 
     0.00000      0.00000      0.00000      1.00000 
     1.00000      0.00000      0.00000     -0.64469 
     0.00000      1.00000      0.00000     -1.83039 
     0.00000      0.00000      1.00000     -0.08517 
     0.00000      0.00000      0.00000      1.00000 
new min:    -0.048464       -2.051      -2.0995 model    7 
     1.00000      0.00000      0.00000      0.00000 
     0.00000      1.00000      0.00000      0.00000 
     0.00000      0.00000      1.00000      0.00000 
     0.00000      0.00000      0.00000      1.00000 
     1.00000      0.00000      0.00000     -0.67572 
     0.00000      1.00000      0.00000     -1.86553 
     0.00000      0.00000      1.00000     -0.03592 
     0.00000      0.00000      0.00000      1.00000 
new min:    -0.055332      -2.2107       -2.266 model    7 
     1.00000      0.00000      0.00000      0.00000 
     0.00000      1.00000      0.00000      0.00000 
     0.00000      0.00000      1.00000      0.00000 
     0.00000      0.00000      0.00000      1.00000 
     1.00000      0.00000      0.00000     -0.72230 
     0.00000      1.00000      0.00000     -1.91829 
     0.00000      0.00000      1.00000      0.03803 
     0.00000      0.00000      0.00000      1.00000 
new min:    -0.054378      -2.2439      -2.2983 model    7 
     1.00000      0.00000      0.00000      0.00000 
     0.00000      1.00000      0.00000      0.00000 
     0.00000      0.00000      1.00000      0.00000 
     0.00000      0.00000      0.00000      1.00000 
     1.00000      0.00000      0.00000     -0.75340 
     0.00000      1.00000      0.00000     -1.95352 
     0.00000      0.00000      1.00000      0.08740 
     0.00000      0.00000      0.00000      1.00000 
new min:    0.0098369      -2.3086      -2.2988 model    7 
     1.00000      0.00000      0.00000      0.00000 
     0.00000      1.00000      0.00000      0.00000 
     0.00000      0.00000      1.00000      0.00000 
     0.00000      0.00000      0.00000      1.00000 
     1.00000      0.00000      0.00000     -0.81568 
     0.00000      1.00000      0.00000     -2.02405 
     0.00000      0.00000      1.00000      0.18626 
     0.00000      0.00000      0.00000      1.00000 
new min:      -0.0571      -2.2477      -2.3048 model    7 
     1.00000      0.00000      0.00000      0.00000 
     0.00000      1.00000      0.00000      0.00000 
     0.00000      0.00000      1.00000      0.00000 
     0.00000      0.00000      0.00000      1.00000 
     1.00000      0.00000      0.00000     -0.84687 
     0.00000      1.00000      0.00000     -2.05937 
     0.00000      0.00000      1.00000      0.23577 
     0.00000      0.00000      0.00000      1.00000 
new min:    -0.052469      -2.2781      -2.3306 model    7 
     1.00000      0.00000      0.00000      0.00000 
     0.00000      1.00000      0.00000      0.00000 
     0.00000      0.00000      1.00000      0.00000 
     0.00000      0.00000      0.00000      1.00000 
     1.00000      0.00000      0.00000     -0.87808 
     0.00000      1.00000      0.00000     -2.09473 
     0.00000      0.00000      1.00000      0.28532 
     0.00000      0.00000      0.00000      1.00000 
new min:    -0.044086      -2.3562      -2.4003 model    7 
     1.00000      0.00000      0.00000      0.00000 
     0.00000      1.00000      0.00000      0.00000 
     0.00000      0.00000      1.00000      0.00000 
     0.00000      0.00000      0.00000      1.00000 
     1.00000      0.00000      0.00000     -0.90933 
     0.00000      1.00000      0.00000     -2.13012 
     0.00000      0.00000      1.00000      0.33492 
     0.00000      0.00000      0.00000      1.00000 
new min:     0.042892      -2.5498      -2.5069 model    7 
     1.00000      0.00000      0.00000      0.00000 
     0.00000      1.00000      0.00000      0.00000 
     0.00000      0.00000      1.00000      0.00000 
     0.00000      0.00000      0.00000      1.00000 
     1.00000      0.00000      0.00000     -1.00315 
     0.00000      1.00000      0.00000     -2.23638 
     0.00000      0.00000      1.00000      0.48387 
     0.00000      0.00000      0.00000      1.00000 
new min:     0.093812      -2.7926      -2.6988 model    7 
     1.00000      0.00000      0.00000      0.00000 
     0.00000      1.00000      0.00000      0.00000 
     0.00000      0.00000      1.00000      0.00000 
     0.00000      0.00000      0.00000      1.00000 
     1.00000      0.00000      0.00000     -1.06588 
     0.00000      1.00000      0.00000     -2.30742 
     0.00000      0.00000      1.00000      0.58344 
     0.00000      0.00000      0.00000      1.00000 
new min:     0.097922      -2.9157      -2.8178 model    7 
     1.00000      0.00000      0.00000      0.00000 
     0.00000      1.00000      0.00000      0.00000 
     0.00000      0.00000      1.00000      0.00000 
     0.00000      0.00000      0.00000      1.00000 
     1.00000      0.00000      0.00000     -1.09730 
     0.00000      1.00000      0.00000     -2.34301 
     0.00000      0.00000      1.00000      0.63332 
     0.00000      0.00000      0.00000      1.00000 
new min:      0.10155        -2.92      -2.8185 model    7 
     1.00000      0.00000      0.00000      0.00000 
     0.00000      1.00000      0.00000      0.00000 
     0.00000      0.00000      1.00000      0.00000 
     0.00000      0.00000      0.00000      1.00000 
     1.00000      0.00000      0.00000     -1.12875 
     0.00000      1.00000      0.00000     -2.37863 
     0.00000      0.00000      1.00000      0.68325 
     0.00000      0.00000      0.00000      1.00000 
new min:     0.049432      -2.9753      -2.9259 model    7 
     1.00000      0.00000      0.00000      0.00000 
     0.00000      1.00000      0.00000      0.00000 
     0.00000      0.00000      1.00000      0.00000 
     0.00000      0.00000      0.00000      1.00000 
     1.00000      0.00000      0.00000     -1.17597 
     0.00000      1.00000      0.00000     -2.43212 
     0.00000      0.00000      1.00000      0.75822 
     0.00000      0.00000      0.00000      1.00000 
new min:      0.19676      -3.1831      -2.9863 model    7 
     1.00000      0.00000      0.00000      0.00000 
     0.00000      1.00000      0.00000      0.00000 
     0.00000      0.00000      1.00000      0.00000 
     0.00000      0.00000      0.00000      1.00000 
     1.00000      0.00000      0.00000     -1.23905 
     0.00000      1.00000      0.00000     -2.50355 
     0.00000      0.00000      1.00000      0.85834 
     0.00000      0.00000      0.00000      1.00000 
new min:     -0.13837      -2.9117      -3.0501 model   19 
     1.00000      0.00000      0.00000      0.00000 
     0.00000      1.00000      0.00000      0.00000 
     0.00000      0.00000      1.00000      0.00000 
     0.00000      0.00000      0.00000      1.00000 
     1.00000      0.00000      0.00000     -1.42897 
     0.00000      1.00000      0.00000     -2.71865 
     0.00000      0.00000      1.00000      1.15983 
     0.00000      0.00000      0.00000      1.00000 
new min:    -0.073651      -3.2377      -3.3114 model   19 
     1.00000      0.00000      0.00000      0.00000 
     0.00000      1.00000      0.00000      0.00000 
     0.00000      0.00000      1.00000      0.00000 
     0.00000      0.00000      0.00000      1.00000 
     1.00000      0.00000      0.00000     -1.47661 
     0.00000      1.00000      0.00000     -2.77262 
     0.00000      0.00000      1.00000      1.23547 
     0.00000      0.00000      0.00000      1.00000 
new min:     -0.07404      -3.2644      -3.3385 model   19 
     1.00000      0.00000      0.00000      0.00000 
     0.00000      1.00000      0.00000      0.00000 
     0.00000      0.00000      1.00000      0.00000 
     0.00000      0.00000      0.00000      1.00000 
     1.00000      0.00000      0.00000     -1.49252 
     0.00000      1.00000      0.00000     -2.79063 
     0.00000      0.00000      1.00000      1.26071 
     0.00000      0.00000      0.00000      1.00000 
new min:    -0.068789      -3.3665      -3.4353 model   19 
     1.00000      0.00000      0.00000      0.00000 
     0.00000      1.00000      0.00000      0.00000 
     0.00000      0.00000      1.00000      0.00000 
     0.00000      0.00000      0.00000      1.00000 
     1.00000      0.00000      0.00000     -1.52434 
     0.00000      1.00000      0.00000     -2.82667 
     0.00000      0.00000      1.00000      1.31123 
     0.00000      0.00000      0.00000      1.00000 
new min:     -0.15303      -3.4751      -3.6282 model   19 
     1.00000      0.00000      0.00000      0.00000 
     0.00000      1.00000      0.00000      0.00000 
     0.00000      0.00000      1.00000      0.00000 
     0.00000      0.00000      0.00000      1.00000 
     1.00000      0.00000      0.00000     -1.54027 
     0.00000      1.00000      0.00000     -2.84471 
     0.00000      0.00000      1.00000      1.33652 
     0.00000      0.00000      0.00000      1.00000 
new min:     -0.22346      -3.6871      -3.9106 model   19 
     1.00000      0.00000      0.00000      0.00000 
     0.00000      1.00000      0.00000      0.00000 
     0.00000      0.00000      1.00000      0.00000 
     0.00000      0.00000      0.00000      1.00000 
     1.00000      0.00000      0.00000     -1.58808 
     0.00000      1.00000      0.00000     -2.89887 
     0.00000      0.00000      1.00000      1.41242 
     0.00000      0.00000      0.00000      1.00000 
new min:     -0.23026       -3.779      -4.0092 model   19 
     1.00000      0.00000      0.00000      0.00000 
     0.00000      1.00000      0.00000      0.00000 
     0.00000      0.00000      1.00000      0.00000 
     0.00000      0.00000      0.00000      1.00000 
     1.00000      0.00000      0.00000     -1.62000 
     0.00000      1.00000      0.00000     -2.93502 
     0.00000      0.00000      1.00000      1.46310 
     0.00000      0.00000      0.00000      1.00000 
new min:     -0.18843      -3.8226       -4.011 model   19 
     1.00000      0.00000      0.00000      0.00000 
     0.00000      1.00000      0.00000      0.00000 
     0.00000      0.00000      1.00000      0.00000 
     0.00000      0.00000      0.00000      1.00000 
     1.00000      0.00000      0.00000     -1.60293 
     0.00000      1.00000      0.00000     -2.97807 
     0.00000      0.00000      1.00000      1.44469 
     0.00000      0.00000      0.00000      1.00000 
new min:     -0.23255      -3.8499      -4.0824 model   19 
     1.00000      0.00000      0.00000      0.00000 
     0.00000      1.00000      0.00000      0.00000 
     0.00000      0.00000      1.00000      0.00000 
     0.00000      0.00000      0.00000      1.00000 
     1.00000      0.00000      0.00000     -1.64583 
     0.00000      1.00000      0.00000     -2.98460 
     0.00000      0.00000      1.00000      1.42019 
     0.00000      0.00000      0.00000      1.00000 
new min:     -0.15058      -3.9546      -4.1052 model   19 
     1.00000      0.00000      0.00000      0.00000 
     0.00000      1.00000      0.00000      0.00000 
     0.00000      0.00000      1.00000      0.00000 
     0.00000      0.00000      0.00000      1.00000 
     1.00000      0.00000      0.00000     -1.71454 
     0.00000      1.00000      0.00000     -3.04073 
     0.00000      0.00000      1.00000      1.35278 
     0.00000      0.00000      0.00000      1.00000 
new min:     -0.14818      -3.9875      -4.1357 model   19 
     1.00000      0.00000      0.00000      0.00000 
     0.00000      1.00000      0.00000      0.00000 
     0.00000      0.00000      1.00000      0.00000 
     0.00000      0.00000      0.00000      1.00000 
     1.00000      0.00000      0.00000     -1.66748 
     0.00000      1.00000      0.00000     -3.10203 
     0.00000      0.00000      1.00000      1.33742 
     0.00000      0.00000      0.00000      1.00000 
new min:    -0.093438      -4.0709      -4.1644 model   19 
     1.00000      0.00000      0.00000      0.00000 
     0.00000      1.00000      0.00000      0.00000 
     0.00000      0.00000      1.00000      0.00000 
     0.00000      0.00000      0.00000      1.00000 
     1.00000      0.00000      0.00000     -1.80714 
     0.00000      1.00000      0.00000     -3.07032 
     0.00000      0.00000      1.00000      1.46727 
     0.00000      0.00000      0.00000      1.00000 
new min:      -0.1329      -4.0484      -4.1813 model   19 
     1.00000      0.00000      0.00000      0.00000 
     0.00000      1.00000      0.00000      0.00000 
     0.00000      0.00000      1.00000      0.00000 
     0.00000      0.00000      0.00000      1.00000 
     1.00000      0.00000      0.00000     -1.82111 
     0.00000      1.00000      0.00000     -3.09304 
     0.00000      0.00000      1.00000      1.46177 
     0.00000      0.00000      0.00000      1.00000 
new min:     -0.13361      -4.0578      -4.1914 model   19 
     1.00000      0.00000      0.00000      0.00000 
     0.00000      1.00000      0.00000      0.00000 
     0.00000      0.00000      1.00000      0.00000 
     0.00000      0.00000      0.00000      1.00000 
     1.00000      0.00000      0.00000     -1.83509 
     0.00000      1.00000      0.00000     -3.11576 
     0.00000      0.00000      1.00000      1.45626 
     0.00000      0.00000      0.00000      1.00000 
new min:    -0.014342      -4.1844      -4.1987 model   19 
     1.00000      0.00000      0.00000      0.00000 
     0.00000      1.00000      0.00000      0.00000 
     0.00000      0.00000      1.00000      0.00000 
     0.00000      0.00000      0.00000      1.00000 
     1.00000      0.00000      0.00000     -1.80331 
     0.00000      1.00000      0.00000     -3.16242 
     0.00000      0.00000      1.00000      1.43339 
     0.00000      0.00000      0.00000      1.00000 
new min:      0.10849      -4.3215       -4.213 model   19 
     1.00000      0.00000      0.00000      0.00000 
     0.00000      1.00000      0.00000      0.00000 
     0.00000      0.00000      1.00000      0.00000 
     0.00000      0.00000      0.00000      1.00000 
     1.00000      0.00000      0.00000     -1.80199 
     0.00000      1.00000      0.00000     -3.55358 
     0.00000      0.00000      1.00000      1.29236 
     0.00000      0.00000      0.00000      1.00000 
new min:      0.19352      -4.4226      -4.2291 model   19 
     1.00000      0.00000      0.00000      0.00000 
     0.00000 