pdbfile 1: 1cnx_prot_qr.pdb
pdbfile 2: dockeye_lig_mark_2.pdb
# of atoms 1:   2491   2:     28
geometric centers: 
1:    -9.668   -1.693   16.036 
2:     0.576    8.886    8.215 
net charge 1:     9.064 2:     0.997 
energy parameters dielectric:   80.000 VDW depth:    0.100
# of ligand conformers:     30
new min:     -0.14907      -1.3414      -1.4905 model   13 
     1.00000      0.00000      0.00000      0.00000 
     0.00000      1.00000      0.00000      0.00000 
     0.00000      0.00000      1.00000      0.00000 
     0.00000      0.00000      0.00000      1.00000 
     1.00000      0.00000      0.00000      0.00000 
     0.00000      1.00000      0.00000      0.00000 
     0.00000      0.00000      1.00000      0.00000 
     0.00000      0.00000      0.00000      1.00000 
new min:     -0.14933      -1.3449      -1.4942 model   13 
     1.00000      0.00000      0.00000      0.00000 
     0.00000      1.00000      0.00000      0.00000 
     0.00000      0.00000      1.00000      0.00000 
     0.00000      0.00000      0.00000      1.00000 
     1.00000      0.00000      0.00000     -0.00849 
     0.00000      1.00000      0.00000     -0.00625 
     0.00000      0.00000      1.00000      0.02299 
     0.00000      0.00000      0.00000      1.00000 
new min:     -0.10431      -1.4143      -1.5186 model   13 
     1.00000      0.00000      0.00000      0.00000 
     0.00000      1.00000      0.00000      0.00000 
     0.00000      0.00000      1.00000      0.00000 
     0.00000      0.00000      0.00000      1.00000 
     1.00000      0.00000      0.00000     -0.01698 
     0.00000      1.00000      0.00000     -0.01249 
     0.00000      0.00000      1.00000      0.04598 
     0.00000      0.00000      0.00000      1.00000 
new min:     -0.10478       -1.423      -1.5278 model   13 
     1.00000      0.00000      0.00000      0.00000 
     0.00000      1.00000      0.00000      0.00000 
     0.00000      0.00000      1.00000      0.00000 
     0.00000      0.00000      0.00000      1.00000 
     1.00000      0.00000      0.00000     -0.04248 
     0.00000      1.00000      0.00000     -0.03125 
     0.00000      0.00000      1.00000      0.11501 
     0.00000      0.00000      0.00000      1.00000 
new min:     -0.10504      -1.4732      -1.5783 model   13 
     1.00000      0.00000      0.00000      0.00000 
     0.00000      1.00000      0.00000      0.00000 
     0.00000      0.00000      1.00000      0.00000 
     0.00000      0.00000      0.00000      1.00000 
     1.00000      0.00000      0.00000     -0.06801 
     0.00000      1.00000      0.00000     -0.05003 
     0.00000      0.00000      1.00000      0.18414 
     0.00000      0.00000      0.00000      1.00000 
new min:     -0.15687      -1.4664      -1.6233 model   13 
     1.00000      0.00000      0.00000      0.00000 
     0.00000      1.00000      0.00000      0.00000 
     0.00000      0.00000      1.00000      0.00000 
     0.00000      0.00000      0.00000      1.00000 
     1.00000      0.00000      0.00000     -0.11066 
     0.00000      1.00000      0.00000     -0.08141 
     0.00000      0.00000      1.00000      0.29964 
     0.00000      0.00000      0.00000      1.00000 
new min:     -0.15709      -1.5562      -1.7132 model   13 
     1.00000      0.00000      0.00000      0.00000 
     0.00000      1.00000      0.00000      0.00000 
     0.00000      0.00000      1.00000      0.00000 
     0.00000      0.00000      0.00000      1.00000 
     1.00000      0.00000      0.00000     -0.13630 
     0.00000      1.00000      0.00000     -0.10027 
     0.00000      0.00000      1.00000      0.36907 
     0.00000      0.00000      0.00000      1.00000 
new min:     -0.13982      -1.5917      -1.7315 model   13 
     1.00000      0.00000      0.00000      0.00000 
     0.00000      1.00000      0.00000      0.00000 
     0.00000      0.00000      1.00000      0.00000 
     0.00000      0.00000      0.00000      1.00000 
     1.00000      0.00000      0.00000     -0.17055 
     0.00000      1.00000      0.00000     -0.12547 
     0.00000      0.00000      1.00000      0.46181 
     0.00000      0.00000      0.00000      1.00000 
new min:     -0.15449       -1.586      -1.7405 model   13 
     1.00000      0.00000      0.00000      0.00000 
     0.00000      1.00000      0.00000      0.00000 
     0.00000      0.00000      1.00000      0.00000 
     0.00000      0.00000      0.00000      1.00000 
     1.00000      0.00000      0.00000     -0.29091 
     0.00000      1.00000      0.00000     -0.21400 
     0.00000      0.00000      1.00000      0.78769 
     0.00000      0.00000      0.00000      1.00000 
new min:     -0.16367      -1.6034      -1.7671 model   13 
     1.00000      0.00000      0.00000      0.00000 
     0.00000      1.00000      0.00000      0.00000 
     0.00000      0.00000      1.00000      0.00000 
     0.00000      0.00000      0.00000      1.00000 
     1.00000      0.00000      0.00000     -0.29954 
     0.00000      1.00000      0.00000     -0.22036 
     0.00000      0.00000      1.00000      0.81107 
     0.00000      0.00000      0.00000      1.00000 
new min:    -0.046926      -1.7742      -1.8211 model   10 
     1.00000      0.00000      0.00000      0.00000 
     0.00000      1.00000      0.00000      0.00000 
     0.00000      0.00000      1.00000      0.00000 
     0.00000      0.00000      0.00000      1.00000 
     1.00000      0.00000      0.00000     -0.39478 
     0.00000      1.00000      0.00000     -0.29042 
     0.00000      0.00000      1.00000      1.06895 
     0.00000      0.00000      0.00000      1.00000 
new min:    -0.048341      -1.7931      -1.8414 model   10 
     1.00000      0.00000      0.00000      0.00000 
     0.00000      1.00000      0.00000      0.00000 
     0.00000      0.00000      1.00000      0.00000 
     0.00000      0.00000      0.00000      1.00000 
     1.00000      0.00000      0.00000     -0.41216 
     0.00000      1.00000      0.00000     -0.30320 
     0.00000      0.00000      1.00000      1.11600 
     0.00000      0.00000      0.00000      1.00000 
new min:    -0.047223      -1.8022      -1.8494 model   10 
     1.00000      0.00000      0.00000      0.00000 
     0.00000      1.00000      0.00000      0.00000 
     0.00000      0.00000      1.00000      0.00000 
     0.00000      0.00000      0.00000      1.00000 
     1.00000      0.00000      0.00000     -0.42085 
     0.00000      1.00000      0.00000     -0.30960 
     0.00000      0.00000      1.00000      1.13954 
     0.00000      0.00000      0.00000      1.00000 
new min:    0.0048392      -1.9646      -1.9598 model   10 
     1.00000      0.00000      0.00000      0.00000 
     0.00000      1.00000      0.00000      0.00000 
     0.00000      0.00000      1.00000      0.00000 
     0.00000      0.00000      0.00000      1.00000 
     1.00000      0.00000      0.00000     -0.52543 
     0.00000      1.00000      0.00000     -0.38653 
     0.00000      0.00000      1.00000      1.42270 
     0.00000      0.00000      0.00000      1.00000 
new min:    0.0055013      -1.9985       -1.993 model   10 
     1.00000      0.00000      0.00000      0.00000 
     0.00000      1.00000      0.00000      0.00000 
     0.00000      0.00000      1.00000      0.00000 
     0.00000      0.00000      0.00000      1.00000 
     1.00000      0.00000      0.00000     -0.55169 
     0.00000      1.00000      0.00000     -0.40585 
     0.00000      0.00000      1.00000      1.49382 
     0.00000      0.00000      0.00000      1.00000 
new min:    -0.076375      -1.9996       -2.076 model   28 
     1.00000      0.00000      0.00000      0.00000 
     0.00000      1.00000      0.00000      0.00000 
     0.00000      0.00000      1.00000      0.00000 
     0.00000      0.00000      0.00000      1.00000 
     1.00000      0.00000      0.00000     -1.13033 
     0.00000      1.00000      0.00000     -0.59878 
     0.00000      0.00000      1.00000      2.41729 
     0.00000      0.00000      0.00000      1.00000 
new min:    -0.076525      -2.0738      -2.1504 model   28 
     1.00000      0.00000      0.00000      0.00000 
     0.00000      1.00000      0.00000      0.00000 
     0.00000      0.00000      1.00000      0.00000 
     0.00000      0.00000      0.00000      1.00000 
     1.00000      0.00000      0.00000     -1.13930 
     0.00000      1.00000      0.00000     -0.60538 
     0.00000      0.00000      1.00000      2.44158 
     0.00000      0.00000      0.00000      1.00000 
new min:   -0.0053908      -2.1496       -2.155 model   28 
     1.00000      0.00000      0.00000      0.00000 
     0.00000      1.00000      0.00000      0.00000 
     0.00000      0.00000      1.00000      0.00000 
     0.00000      0.00000      0.00000      1.00000 
     1.00000      0.00000      0.00000     -1.14827 
     0.00000      1.00000      0.00000     -0.61198 
     0.00000      0.00000      1.00000      2.46588 
     0.00000      0.00000      0.00000      1.00000 
new min:   -0.0054937      -2.1654      -2.1708 model   28 
     1.00000      0.00000      0.00000      0.00000 
     0.00000      1.00000      0.00000      0.00000 
     0.00000      0.00000      1.00000      0.00000 
     0.00000      0.00000      0.00000      1.00000 
     1.00000      0.00000      0.00000     -1.15725 
     0.00000      1.00000      0.00000     -0.61858 
     0.00000      0.00000      1.00000      2.49019 
     0.00000      0.00000      0.00000      1.00000 
new min:   -0.0055979      -2.1806      -2.1862 model   28 
     1.00000      0.00000      0.00000      0.00000 
     0.00000      1.00000      0.00000      0.00000 
     0.00000      0.00000      1.00000      0.00000 
     0.00000      0.00000      0.00000      1.00000 
     1.00000      0.00000      0.00000     -1.16623 
     0.00000      1.00000      0.00000     -0.62519 
     0.00000      0.00000      1.00000      2.51452 
     0.00000      0.00000      0.00000      1.00000 
new min:   -0.0057036      -2.1953       -2.201 model   28 
     1.00000      0.00000      0.00000      0.00000 
     0.00000      1.00000      0.00000      0.00000 
     0.00000      0.00000      1.00000      0.00000 
     0.00000      0.00000      0.00000      1.00000 
     1.00000      0.00000      0.00000     -1.17522 
     0.00000      1.00000      0.00000     -0.63180 
     0.00000      0.00000      1.00000      2.53885 
     0.00000      0.00000      0.00000      1.00000 
new min:    -0.002149      -2.3178      -2.3199 model   28 
     1.00000      0.00000      0.00000      0.00000 
     0.00000      1.00000      0.00000      0.00000 
     0.00000      0.00000      1.00000      0.00000 
     0.00000      0.00000      0.00000      1.00000 
     1.00000      0.00000      0.00000     -1.19321 
     0.00000      1.00000      0.00000     -0.64504 
     0.00000      0.00000      1.00000      2.58755 
     0.00000      0.00000      0.00000      1.00000 
new min:   -0.0022388      -2.3319      -2.3341 model   28 
     1.00000      0.00000      0.00000      0.00000 
     0.00000      1.00000      0.00000      0.00000 
     0.00000      0.00000      1.00000      0.00000 
     0.00000      0.00000      0.00000      1.00000 
     1.00000      0.00000      0.00000     -1.20221 
     0.00000      1.00000      0.00000     -0.65166 
     0.00000      0.00000      1.00000      2.61193 
     0.00000      0.00000      0.00000      1.00000 
new min:   -0.0025744      -2.4177      -2.4203 model   28 
     1.00000      0.00000      0.00000      0.00000 
     0.00000      1.00000      0.00000      0.00000 
     0.00000      0.00000      1.00000      0.00000 
     0.00000      0.00000      0.00000      1.00000 
     1.00000      0.00000      0.00000     -1.22022 
     0.00000      1.00000      0.00000     -0.66491 
     0.00000      0.00000      1.00000      2.66071 
     0.00000      0.00000      0.00000      1.00000 
new min:   -0.0026689      -2.4301      -2.4327 model   28 
     1.00000      0.00000      0.00000      0.00000 
     0.00000      1.00000      0.00000      0.00000 
     0.00000      0.00000      1.00000      0.00000 
     0.00000      0.00000      0.00000      1.00000 
     1.00000      0.00000      0.00000     -1.22924 
     0.00000      1.00000      0.00000     -0.67154 
     0.00000      0.00000      1.00000      2.68512 
     0.00000      0.00000      0.00000      1.00000 
new min:   -0.0027649      -2.4412       -2.444 model   28 
     1.00000      0.00000      0.00000      0.00000 
     0.00000      1.00000      0.00000      0.00000 
     0.00000      0.00000      1.00000      0.00000 
     0.00000      0.00000      0.00000      1.00000 
     1.00000      0.00000      0.00000     -1.23826 
     0.00000      1.00000      0.00000     -0.67818 
     0.00000      0.00000      1.00000      2.70954 
     0.00000      0.00000      0.00000      1.00000 
new min:   -0.0024603       -2.505      -2.5075 model   28 
     1.00000      0.00000      0.00000      0.00000 
     0.00000      1.00000      0.00000      0.00000 
     0.00000      0.00000      1.00000      0.00000 
     0.00000      0.00000      0.00000      1.00000 
     1.00000      0.00000      0.00000     -1.25631 
     0.00000      1.00000      0.00000     -0.69145 
     0.00000      0.00000      1.00000      2.75841 
     0.00000      0.00000      0.00000      1.00000 
new min:    -0.073631      -2.5784       -2.652 model   28 
     1.00000      0.00000      0.00000      0.00000 
     0.00000      1.00000      0.00000      0.00000 
     0.00000      0.00000      1.00000      0.00000 
     0.00000      0.00000      0.00000      1.00000 
     1.00000      0.00000      0.00000     -1.26534 
     0.00000      1.00000      0.00000     -0.69810 
     0.00000      0.00000      1.00000      2.78287 
     0.00000      0.00000      0.00000      1.00000 
new min:    -0.073604      -2.5849      -2.6585 model   28 
     1.00000      0.00000      0.00000      0.00000 
     0.00000      1.00000      0.00000      0.00000 
     0.00000      0.00000      1.00000      0.00000 
     0.00000      0.00000      0.00000      1.00000 
     1.00000      0.00000      0.00000     -1.27438 
     0.00000      1.00000      0.00000     -0.70475 
     0.00000      0.00000      1.00000      2.80734 
     0.00000      0.00000      0.00000      1.00000 
new min:     0.086965      -2.9963      -2.9094 model   28 
     1.00000      0.00000      0.00000      0.00000 
     0.00000      1.00000      0.00000      0.00000 
     0.00000      0.00000      1.00000      0.00000 
     0.00000      0.00000      0.00000      1.00000 
     1.00000      0.00000      0.00000     -1.31959 
     0.00000      1.00000      0.00000     -0.73801 
     0.00000      0.00000      1.00000      2.92976 
     0.00000      0.00000      0.00000      1.00000 
new min:      0.06184      -3.0255      -2.9637 model   28 
     1.00000      0.00000      0.00000      0.00000 
     0.00000      1.00000      0.00000      0.00000 
     0.00000      0.00000      1.00000      0.00000 
     0.00000      0.00000      0.00000      1.00000 
     1.00000      0.00000      0.00000     -1.35585 
     0.00000      1.00000      0.00000     -0.76468 
     0.00000      0.00000      1.00000      3.02793 
     0.00000      0.00000      0.00000      1.00000 
new min:      0.19678      -3.1678       -2.971 model   28 
     1.00000      0.00000      0.00000      0.00000 
     0.00000      1.00000      0.00000      0.00000 
     0.00000      0.00000      1.00000      0.00000 
     0.00000      0.00000      0.00000      1.00000 
     1.00000      0.00000      0.00000     -1.74761 
     0.00000      1.00000      0.00000     -0.82444 
     0.00000      0.00000      1.00000      3.12470 
     0.00000      0.00000      0.00000      1.00000 
new min:      0.18713      -3.2736      -3.0865 model   28 
     1.00000      0.00000      0.00000      0.00000 
     0.00000      1.00000      0.00000      0.00000 
     0.00000      0.00000      1.00000      0.00000 
     0.00000      0.00000      0.00000      1.00000 
     1.00000      0.00000      0.00000     -1.88203 
     0.00000      1.00000      0.00000     -0.80883 
     0.00000      0.00000      1.00000      3.19802 
     0.00000      0.00000      0.00000      1.00000 
new min:      0.22878      -3.3407      -3.1119 model   28 
     1.00000      0.00000      0.00000      0.00000 
     0.00000      1.00000      0.00000      0.00000 
     0.00000      0.00000      1.00000      0.00000 
     0.00000      0.00000      0.00000      1.00000 
     1.00000      0.00000      0.00000     -1.84218 
     0.00000      1.00000      0.00000     -0.83986 
     0.00000      0.00000      1.00000      3.18266 
     0.00000      0.00000      0.00000      1.00000 
new min:      0.22909      -3.3858      -3.1567 model   28 
     1.00000      0.00000      0.00000      0.00000 
     0.00000      1.00000      0.00000      0.00000 
     0.00000      0.00000      1.00000      0.00000 
     0.00000      0.00000      0.00000      1.00000 
     1.00000      0.00000      0.00000     -1.82225 
     0.00000      1.00000      0.00000     -0.85537 
     0.00000      0.00000      1.00000      3.17498 
     0.00000      0.00000      0.00000      1.00000 
new min:      0.26197      -3.4305      -3.1685 model   28 
     1.00000      0.00000      0.00000      0.00000 
     0.00000      1.00000      0.00000      0.00000 
     0.00000      0.00000      1.00000      0.00000 
     0.00000      0.00000      0.00000      1.00000 
     1.00000      0.00000      0.00000     -1.86275 
     0.00000      1.00000      0.00000     -0.84912 
     0.00000      0.00000      1.00000      3.13590 
     0.00000      0.00000      0.00000      1.00000 
new min:       0.2054        -3.48      -3.2746 model   28 
     1.00000      0.00000      0.00000      0.00000 
     0.00000      1.00000      0.00000      0.00000 
     0.00000      0.00000      1.00000      0.00000 
     0.00000      0.00000      0.00000      1.00000 
     1.00000      0.00000      0.00000     -1.84592 
     0.00000      1.00000      0.00000     -0.86862 
     0.00000      0.00000      1.00000      3.12832 
     0.00000      0.00000      0.00000      1.00000 
new min:      0.20258      -3.4826        -3.28 model   28 
     1.00000      0.00000      0.00000      0.00000 
     0.00000      1.00000      0.00000      0.00000 
     0.00000      0.00000      1.00000      0.00000 
     0.00000      0.00000      0.00000      1.00000 
     1.00000      0.00000      0.00000     -1.84912 
     0.00000      1.00000      0.00000     -0.90595 
     0.00000      0.00000      1.00000      3.12213 
     0.00000      0.00000      0.00000      1.00000 
new min:       0.1973      -3.5453       -3.348 model   28 
     1.00000      0.00000      0.00000      0.00000 
     0.00000      1.00000      0.00000      0.00000 
     0.00000      0.00000      1.00000      0.00000 
     0.00000      0.00000      0.00000      1.00000 
     1.00000      0.00000      0.00000     -1.76816 
     0.00000      1.00000      0.00000     -1.04076 
     0.00000      0.00000      1.00000      3.07805 
     0.00000      0.00000      0.00000      1.00000 
new min:      0.20342      -3.7214       -3.518 model   28 
     1.00000      0.00000      0.00000      0.00000 
     0.00000      1.00000      0.00000      0.00000 
     0.00000      0.00000      1.00000      0.00000 
     0.00000      0.00000      0.00000      1.00000 
     1.00000      0.00000      0.00000     -1.84826 
     0.00000      1.00000      0.00000     -1.11208 
     0.00000      0.00000      1.00000      3.08363 
     0.00000      0.00000      0.00000      1.00000 
new min:      0.20047      -3.7694      -3.5689 model   28 
     1.00000      0.00000      0.00000      0.00000 
     0.00000      1.00000      0.00000      0.00000 
     0.00000      0.00000      1.00000      0.00000 
     0.00000      0.00000      0.00000      1.00000 
     1.00000      0.00000      0.00000     -1.86509 
     0.00000      1.00000      0.00000     -1.09258 
     0.00000      0.00000      1.00000      3.09121 
     0.00000      0.00000      0.00000      1.00000 
new min:      0.28791      -3.9051      -3.6172 model   28 
     1.00000      0.00000      0.00000      0.00000 
     0.00000      1.00000      0.00000      0.00000 
     0.00000      0.00000      1.00000      0.00000 
     0.00000      0.00000      0.00000      1.00000 
     1.00000      0.00000      0.00000     -2.11904 
     0.00000      1.00000      0.00000     -1.24971 
     0.00000      0.00000      1.00000      3.12173 
     0.00000      0.00000      0.00000      1.00000 
new min:       0.3617      -3.9805      -3.6188 model   28 
     1.00000      0.00000      0.00000      0.00000 
     0.00000      1.00000      0.00000      0.00000 
     0.00000      0.00000      1.00000      0.00000 
     0.00000      0.00000      0.00000      1.00000 
     1.00000      0.00000      0.00000     -2.17912 
     0.00000      1.00000      0.00000     -1.30320 
     0.00000      0.00000      1.00000      3.12591 
     0.00000      0.00000      0.00000      1.00000 
new min:      0.24051      -3.9943      -3.7538 model   28 
     1.00000      0.00000      0.00000      0.00000 
     0.00000      1.00000      0.00000      0.00000 
     0.00000      0.00000      1.00000      0.00000 
     0.00000      0.00000      0.00000      1.00000 
     1.00000      0.00000      0.00000     -2.42987 
     0.00000      1.00000      0.00000     -1.42300 
     0.00000      0.00000      1.00000      3.16261 
     0.00000      0.00000      0.00000      1.00000 
new min:      0.18995      -4.0058      -3.8159 model   28 
     1.00000      0.00000      0.00000      0.00000 
     0.00000      1.00000      0.00000      0.00000 
     0.00000      0.00000      1.00000      0.00000 
     0.00000      0.00000      0.00000      1.00000 
     1.00000      0.00000      0.00000     -2.46672 
     0.00000      1.00000      0.00000     -1.42133 
     0.00000      0.00000      1.00000      3.17159 
     0.00000      0.00000      0.00000      1.00000 
new min:     0.060029      -3.9047      -3.8447 model   28 
     1.00000      0.00000      0.00000      0.00000 
     0.00000      1.00000      0.00000      0.00000 
     0.00000      0.00000      1.00000      0.00000 
     0.00000      0.00000      0.00000      1.00000 
     1.00000      0.00000      0.00000     -2.58368 
     0.00000      1.00000      0.00000     -1.49098 
     0.00000      0.00000      1.00000      3.18615 
     0.00000      0.00000      0.00000      1.00000 
new min:      0.14668      -3.9973      -3.8507 model   28 
     1.00000      0.00000      0.00000      0.00000 
     0.00000      1.00000      0.00000      0.00000 
     0.00000      0.00000      1.00000      0.00000 
     0.00000      0.00000      0.00000      1.00000 
     1.00000      0.00000      0.00000     -2.59007 
     0.00000      1.00000      0.00000     -1.56563 
     0.00000      0.00000      1.00000      3.17378 
     0.00000      0.00000      0.00000      1.00000 
new min:     0.066094      -4.0997      -4.0336 model   28 
     1.00000      0.00000      0.00000      0.00000 
     0.00000      1.00000      0.00000      0.00000 
     0.00000      0.00000      1.00000      0.00000 
     0.00000      0.00000      0.00000      1.00000 
     1.00000      0.00000      0.00000     -2.42582 
     0.00000      1.00000      0.00000     -1.59180 
     0.00000      0.00000      1.00000      3.13029 
     0.00000      0.00000      0.00000      1.00000 
new min:     0.067935      -4.1199      -4.0519 model   28 
     1.00000      0.00000      0.00000      0.00000 
     0.00000      1.00000      0.00000      0.00000 
     0.00000      0.00000      1.00000      0.00000 
     0.00000      0.00000      0.00000      1.00000 
     1.00000      0.00000      0.00000     -2.40899 
     0.00000      1.00000      0.00000     -1.61130 
     0.00000      0.00000      1.00000      3.12271 
     0.00000      0.00000      0.00000      1.00000 
new min:     -0.18728      -3.9471      -4.1344 model   28 
     1.00000      0.00000      0.00000      0.00000 
     0.00000      1.00000      0.00000      0.00000 
     0.00000      0.00000      1.00000      0.00000 
     0.00000      0.00000      0.00000      1.00000 
     1.00000      0.00000      0.00000     -2.45948 
     0.00000      1.00000      0.00000     -1.55281 
     0.00000      0.00000      1.00000      3.14545 
     0.00000      0.00000      0.00000      1.00000 
new min:      -0.6007       -3.614      -4.2147 model   19 
     1.00000      0.00000      0.00000      0.00000 
     0.00000      1.00000      0.00000      0.00000 
     0.00000      0.00000      1.00000      0.00000 
     0.00000      0.00000      0.00000      1.00000 
     1.00000      0.00000      0.00000     -2.03080 
     0.00000      1.00000      0.00000     -3.03682 
     0.00000      0.00000      1.00000      2.31342 
     0.00000      0.00000      0.00000      1.00000 
new min:      0.57206      -4.8198      -4.2477 model   26 
     1.00000      0.00000      0.00000      0.00000 
     0.00000      1.00000      0.00000      0.00000 
     0.00000      0.00000      1.00000      0.00000 
     0.00000      0.00000      0.00000      1.00000 
     1.00000      0.00000      0.00000     -1.97138 
     0.00000      1.00000      0.00000     -3.09311 
     0.00000      0.00000      1.00000      2.31285 
     0.00000      0.00000      0.00000      1.00000 
new min:       -1.129      -3.1476      -4.2766 model    8 
     1.00000      0.00000      0.00000      0.00000 
     0.00000      1.00000      0.00000      0.00000 
     0.00000      0.00000      1.00000      0.00000 
     0.00000      0.00000      0.00000      1.00000 
     1.00000      0.00000      0.00000     -1.95754 
     0.00000      1.00000      0.00000     -3.11415 
     0.00000      0.00000      1.00000      2.30686 
     0.00000      0.00000      0.00000      1.00000 
new min:     -0.70963      -3.5837      -4.2934 model   19 
     1.00000      0.00000      0.00000      0.00000 
     0.00000      1.00000      0.00000      0.00000 
     0.00000      0.00000      1.00000      0.00000 
     0.00000      0.00000      0.00000      1.00000 
     1.00000      0.00000      0.00000     -1.94371 
     0.00000      1.00000      0.00000     -3.13520 
     0.00000      0.00000      1.00000      2.30088 
     0.00000      0.00000      0.00000      1.00000 
new min:      -1.1727      -3.2529      -4.4256 model    8 
     1.00000      0.00000      0.00000      0.00000 
     0.00000      1.00000      0.00000      0.00000 
     0.00000      0.00000      1.00000      0.00000 
     0.00000      0.00000      0.00000      1.00000 
     1.00000      0.00000      0.00000     -1.90221 
     0.00000      1.00000      0.00000     -3.19832 
     0.00000      0.00000      1.00000      2.28292 
     0.00000      0.00000      0.00000      1.00000 
new min:      0.54292      -5.0665      -4.5235 model   22 
     1.00000      0.00000      0.00000      0.00000 
     0.00000      1.00000      0.00000      0.00000 
     0.00000      0.00000      1.00000      0.00000 
     0.00000      0.00000      0.00000      1.00000 
     1.00000      0.00000      0.00000     -2.06551 
     0.00000      1.00000      0.00000     -3.37312 
     0.00000      0.00000      1.00000      2.52000 
     0.00000      0.00000      0.00000      1.00000 
new min:      0.17742      -4.7853      -4.6079 model   11 
     1.00000      0.00000      0.00000      0.00000 
     0.00000      1.00000      0.00000      0.00000 
     0.00000      0.00000      1.00000      0.00000 
     0.00000      0.00000      0.00000      1.00000 
     1.00000      0.00000      0.00000     -2.31927 
     0.00000      1.00000      0.00000     -3.64474 
     0.00000      0.00000      1.00000      2.88840 
     0.00000      0.00000      0.00000      1.00000 
new min:      0.54816      -5.1719      -4.6238 model    3 
     1.00000      0.00000      0.00000      0.00000 
     0.00000      1.00000      0.00000      0.00000 
     0.00000      0.00000      1.00000      0.00000 
     0.00000      0.00000      0.00000      1.00000 
     1.00000      0.00000      0.00000     -2.37034 
     0.00000      1.00000      0.00000     -3.69941 
     0.00000      0.00000      1.00000      2.96254 
     0.00000      0.00000      0.00000      1.00000 
new min:      0.42653      -5.0973      -4.6708 model    3 
     1.00000      0.00000      0.00000      0.00000 
     0.00000      1.00000      0.00000      0.00000 
     0.00000      0.00000      1.00000      0.00000 
     0.00000      0.00000      0.00000      1.00000 
     1.00000      0.00000      0.00000     -2.44714 
     0.00000      1.00000      0.00000     -3.78160 
     0.00000      0.00000      1.00000      3.07402 
     0.00000      0.00000      0.00000      1.00000 
new min:      0.33217      -5.0764      -4.7442 model    3 
     1.00000      0.00000      0.00000      0.00000 
     0.00000      1.00000      0.00000      0.00000 
     0.00000      0.00000      1.00000      0.00000 
     0.00000      0.00000      0.00000      1.00000 
     1.00000      0.00000      0.00000     -2.45996 
     0.00000      1.00000      0.00000     -3.79533 
     0.00000      0.00000      1.00000      3.09264 
     0.00000      0.00000      0.00000      1.00000 
new min:      0.16157      -5.0971      -4.9355 model    3 
     1.00000      0.00000      0.00000      0.00000 
     0.00000      1.00000      0.00000      0.00000 
     0.00000      0.00000      1.00000      0.00000 
     0.00000      0.00000      0.00000      1.00000 
     1.00000      0.00000      0.00000     -2.47279 
     0.00000      1.00000      0.00000     -3.80906 
     0.00000      0.00000      1.00000      3.11126 
     0.00000      0.00000      0.00000      1.00000 
new min:      0.16313      -5.1297      -4.9666 model    3 
     1.00000      0.00000      0.00000      0.00000 
     0.00000      1.00000      0.00000      0.00000 
     0.00000      0.00000      1.00000      0.00000 
     0.00000      0.00000      0.00000      1.00000 
     1.00000      0.00000      0.00000     -2.48562 
     0.00000      1.00000      0.00000     -3.82280 
     0.00000      0.00000      1.00000      3.12990 
     0.00000      0.00000      0.00000      1.00000 
new min:      0.16385      -5.1745      -5.0106 model    3 
     1.00000      0.00000      0.00000      0.00000 
     0.00000      1.00000      0.00000      0.00000 
     0.00000      0.00000      1.00000      0.00000 
     0.00000      0.00000      0.00000      1.00000 
     1.00000      0.00000      0.00000     -2.49188 
     0.00000      1.00000      0.00000     -3.82950 
     0.00000      0.00000      1.00000      3.13898 
     0.00000      0.00000      0.00000      1.00000 
new min:      0.76053      -6.1204      -5.3599 model    3 
     1.00000      0.00000      0.00000      0.00000 
     0.00000      1.00000      0.00000      0.00000 
     0.00000      0.00000      1.00000      0.00000 
     0.00000      0.00000      0.00000      1.00000 
     1.00000      0.00000      0.00000     -2.46601 
     0.00000      1.00000      0.00000     -4.24577 
     0.00000      0.00000      1.00000      3.58082 
     0.00000      0.00000      0.00000      1.00000 
new min:      0.70024      -6.0818      -5.3816 model    3 
     1.00000      0.00000      0.00000      0.00000 
     0.00000      1.00000      0.00000      0.00000 
     0.00000      0.00000      1.00000      0.00000 
     0.00000      0.00000      0.00000      1.00000 
     1.00000      0.00000      0.00000     -2.45778 
     0.00000      1.00000      0.00000     -4.25724 
     0.00000      0.00000      1.00000      3.57353 
     0.00000      0.00000      0.00000      1.00000 
new min:      0.75142      -6.2268      -5.4754 model    3 
     1.00000      0.00000      0.00000      0.00000 
     0.00000      1.00000      0.00000      0.00000 
     0.00000      0.00000      1.00000      0.00000 
     0.00000      0.00000      0.00000      1.00000 
     1.00000      0.00000      0.00000     -2.43309 
     0.00000      1.00000      0.00000     -4.29165 
     0.00000      0.00000      1.00000      3.55166 
     0.00000      0.00000      0.00000      1.00000 
new min:      0.62757      -6.1819      -5.5544 model    3 
     1.00000      0.00000      0.00000      0.00000 
     0.00000      1.00000      0.00000      0.00000 
     0.00000      0.00000      1.00000      0.00000 
     0.00000      0.00000      0.00000      1.00000 
     1.00000      0.00000      0.00000     -2.42199 
     0.00000      1.00000      0.00000     -4.33270 
     0.00000      0.00000      1.00000      3.52491 
     0.00000      0.00000      0.00000      1.00000 
new min:      0.49547      -6.2463      -5.7508 model    3 
     1.00000 