pdbfile 1: 1cnx_prot_qr.pdb
pdbfile 2: dockeye_lig_mark_2.pdb
# of atoms 1:   2491   2:     28
geometric centers: 
1:    -9.668   -1.693   16.036 
2:     0.576    8.886    8.215 
net charge 1:     9.064 2:     0.997 
energy parameters dielectric:   80.000 VDW depth:    0.100
# of ligand conformers:     30
new min:     -0.14907      -1.3414      -1.4905 model   13 
     1.00000      0.00000      0.00000      0.00000 
     0.00000      1.00000      0.00000      0.00000 
     0.00000      0.00000      1.00000      0.00000 
     0.00000      0.00000      0.00000      1.00000 
     1.00000      0.00000      0.00000      0.00000 
     0.00000      1.00000      0.00000      0.00000 
     0.00000      0.00000      1.00000      0.00000 
     0.00000      0.00000      0.00000      1.00000 
new min:     -0.10544      -1.4393      -1.5448 model   13 
     1.00000      0.00000      0.00000      0.00000 
     0.00000      1.00000      0.00000      0.00000 
     0.00000      0.00000      1.00000      0.00000 
     0.00000      0.00000      0.00000      1.00000 
     1.00000      0.00000      0.00000     -0.05096 
     0.00000      1.00000      0.00000     -0.10074 
     0.00000      0.00000      1.00000      0.06898 
     0.00000      0.00000      0.00000      1.00000 
new min:     -0.07739      -1.5271      -1.6045 model   13 
     1.00000      0.00000      0.00000      0.00000 
     0.00000      1.00000      0.00000      0.00000 
     0.00000      0.00000      1.00000      0.00000 
     0.00000      0.00000      0.00000      1.00000 
     1.00000      0.00000      0.00000     -0.13603 
     0.00000      1.00000      0.00000     -0.26894 
     0.00000      0.00000      1.00000      0.18415 
     0.00000      0.00000      0.00000      1.00000 
new min:    -0.059335      -1.8338      -1.8932 model   29 
     1.00000      0.00000      0.00000      0.00000 
     0.00000      1.00000      0.00000      0.00000 
     0.00000      0.00000      1.00000      0.00000 
     0.00000      0.00000      0.00000      1.00000 
     1.00000      0.00000      0.00000     -0.56505 
     0.00000      1.00000      0.00000     -1.11712 
     0.00000      0.00000      1.00000      0.76495 
     0.00000      0.00000      0.00000      1.00000 
new min:      0.29759      -2.4683      -2.1707 model   29 
     1.00000      0.00000      0.00000      0.00000 
     0.00000      1.00000      0.00000      0.00000 
     0.00000      0.00000      1.00000      0.00000 
     0.00000      0.00000      0.00000      1.00000 
     1.00000      0.00000      0.00000     -0.96520 
     0.00000      1.00000      0.00000     -1.90825 
     0.00000      0.00000      1.00000      1.30668 
     0.00000      0.00000      0.00000      1.00000 
new min:      0.12574      -2.8163      -2.6905 model   29 
     1.00000      0.00000      0.00000      0.00000 
     0.00000      1.00000      0.00000      0.00000 
     0.00000      0.00000      1.00000      0.00000 
     0.00000      0.00000      0.00000      1.00000 
     1.00000      0.00000      0.00000     -1.14217 
     0.00000      1.00000      0.00000     -2.25811 
     0.00000      0.00000      1.00000      1.54625 
     0.00000      0.00000      0.00000      1.00000 
new min:   -0.0055818      -3.0453      -3.0509 model    8 
     1.00000      0.00000      0.00000      0.00000 
     0.00000      1.00000      0.00000      0.00000 
     0.00000      0.00000      1.00000      0.00000 
     0.00000      0.00000      0.00000      1.00000 
     1.00000      0.00000      0.00000     -1.26697 
     0.00000      1.00000      0.00000     -2.50484 
     0.00000      0.00000      1.00000      1.71520 
     0.00000      0.00000      0.00000      1.00000 
new min:     -0.13316      -3.1029       -3.236 model   19 
     1.00000      0.00000      0.00000      0.00000 
     0.00000      1.00000      0.00000      0.00000 
     0.00000      0.00000      1.00000      0.00000 
     0.00000      0.00000      0.00000      1.00000 
     1.00000      0.00000      0.00000     -1.35657 
     0.00000      1.00000      0.00000     -2.68200 
     0.00000      0.00000      1.00000      1.83650 
     0.00000      0.00000      0.00000      1.00000 
new min:      -0.2231      -3.2811      -3.5042 model   19 
     1.00000      0.00000      0.00000      0.00000 
     0.00000      1.00000      0.00000      0.00000 
     0.00000      0.00000      1.00000      0.00000 
     0.00000      0.00000      0.00000      1.00000 
     1.00000      0.00000      0.00000     -1.42853 
     0.00000      1.00000      0.00000     -2.82425 
     0.00000      0.00000      1.00000      1.93391 
     0.00000      0.00000      0.00000      1.00000 
new min:     -0.30401      -3.4085      -3.7125 model   19 
     1.00000      0.00000      0.00000      0.00000 
     0.00000      1.00000      0.00000      0.00000 
     0.00000      0.00000      1.00000      0.00000 
     0.00000      0.00000      0.00000      1.00000 
     1.00000      0.00000      0.00000     -1.46461 
     0.00000      1.00000      0.00000     -2.89559 
     0.00000      0.00000      1.00000      1.98276 
     0.00000      0.00000      0.00000      1.00000 
new min:     -0.30503      -3.4557      -3.7608 model   19 
     1.00000      0.00000      0.00000      0.00000 
     0.00000      1.00000      0.00000      0.00000 
     0.00000      0.00000      1.00000      0.00000 
     0.00000      0.00000      0.00000      1.00000 
     1.00000      0.00000      0.00000     -1.48268 
     0.00000      1.00000      0.00000     -2.93131 
     0.00000      0.00000      1.00000      2.00722 
     0.00000      0.00000      0.00000      1.00000 
new min:     -0.34887      -3.4877      -3.8365 model   19 
     1.00000      0.00000      0.00000      0.00000 
     0.00000      1.00000      0.00000      0.00000 
     0.00000      0.00000      1.00000      0.00000 
     0.00000      0.00000      0.00000      1.00000 
     1.00000      0.00000      0.00000     -1.50076 
     0.00000      1.00000      0.00000     -2.96706 
     0.00000      0.00000      1.00000      2.03170 
     0.00000      0.00000      0.00000      1.00000 
new min:      0.65854      -4.5812      -3.9227 model   29 
     1.00000      0.00000      0.00000      0.00000 
     0.00000      1.00000      0.00000      0.00000 
     0.00000      0.00000      1.00000      0.00000 
     0.00000      0.00000      0.00000      1.00000 
     1.00000      0.00000      0.00000     -1.73600 
     0.00000      1.00000      0.00000     -3.43215 
     0.00000      0.00000      1.00000      2.35017 
     0.00000      0.00000      0.00000      1.00000 
new min:      0.30373       -4.571      -4.2673 model    3 
     1.00000      0.00000      0.00000      0.00000 
     0.00000      1.00000      0.00000      0.00000 
     0.00000      0.00000      1.00000      0.00000 
     0.00000      0.00000      0.00000      1.00000 
     1.00000      0.00000      0.00000     -2.11970 
     0.00000      1.00000      0.00000     -4.19072 
     0.00000      0.00000      1.00000      2.86961 
     0.00000      0.00000      0.00000      1.00000 
new min:      0.43109       -6.361      -5.9299 model    1 
     1.00000      0.00000      0.00000      0.00000 
     0.00000      1.00000      0.00000      0.00000 
     0.00000      0.00000      1.00000      0.00000 
     0.00000      0.00000      0.00000      1.00000 
     1.00000      0.00000      0.00000     -2.37950 
     0.00000      1.00000      0.00000     -4.70436 
     0.00000      0.00000      1.00000      3.22132 
     0.00000      0.00000      0.00000      1.00000 
new min:       1.4176       -7.598      -6.1803 model    1 
     1.00000      0.00000      0.00000      0.00000 
     0.00000      1.00000      0.00000      0.00000 
     0.00000      0.00000      1.00000      0.00000 
     0.00000      0.00000      0.00000      1.00000 
     1.00000      0.00000      0.00000     -2.56700 
     0.00000      1.00000      0.00000     -5.07507 
     0.00000      0.00000      1.00000      3.47517 
     0.00000      0.00000      0.00000      1.00000 
new min:       1.0021      -7.8939      -6.8919 model    1 
     1.00000      0.00000      0.00000      0.00000 
     0.00000      1.00000      0.00000      0.00000 
     0.00000      0.00000      1.00000      0.00000 
     0.00000      0.00000      0.00000      1.00000 
     1.00000      0.00000      0.00000     -2.66146 
     0.00000      1.00000      0.00000     -5.26181 
     0.00000      0.00000      1.00000      3.60303 
     0.00000      0.00000      0.00000      1.00000 
new min:      0.93861       -7.962      -7.0234 model    1 
     1.00000      0.00000      0.00000      0.00000 
     0.00000      1.00000      0.00000      0.00000 
     0.00000      0.00000      1.00000      0.00000 
     0.00000      0.00000      0.00000      1.00000 
     1.00000      0.00000      0.00000     -2.71834 
     0.00000      1.00000      0.00000     -5.37427 
     0.00000      0.00000      1.00000      3.68004 
     0.00000      0.00000      0.00000      1.00000 
new min:      0.90807       -8.047      -7.1389 model    1 
     1.00000      0.00000      0.00000      0.00000 
     0.00000      1.00000      0.00000      0.00000 
     0.00000      0.00000      1.00000      0.00000 
     0.00000      0.00000      0.00000      1.00000 
     1.00000      0.00000      0.00000     -2.69712 
     0.00000      1.00000      0.00000     -5.33231 
     0.00000      0.00000      1.00000      3.65131 
     0.00000      0.00000      0.00000      1.00000 
new min:      0.59171      -7.7909      -7.1992 model    1 
     1.00000      0.00000      0.00000      0.00000 
     0.00000      1.00000      0.00000      0.00000 
     0.00000      0.00000      1.00000      0.00000 
     0.00000      0.00000      0.00000      1.00000 
     1.00000      0.00000      0.00000     -2.85511 
     0.00000      1.00000      0.00000     -5.18095 
     0.00000      0.00000      1.00000      3.74601 
     0.00000      0.00000      0.00000      1.00000 
new min:      0.49217       -7.694      -7.2019 model    1 
     1.00000      0.00000      0.00000      0.00000 
     0.00000      1.00000      0.00000      0.00000 
     0.00000      0.00000      1.00000      0.00000 
     0.00000      0.00000      0.00000      1.00000 
     1.00000      0.00000      0.00000     -2.89310 
     0.00000      1.00000      0.00000     -5.25605 
     0.00000      0.00000      1.00000      3.79743 
     0.00000      0.00000      0.00000      1.00000 
new min:      0.36555      -7.6486      -7.2831 model    1 
     1.00000      0.00000      0.00000      0.00000 
     0.00000      1.00000      0.00000      0.00000 
     0.00000      0.00000      1.00000      0.00000 
     0.00000      0.00000      0.00000      1.00000 
     1.00000      0.00000      0.00000     -2.91211 
     0.00000      1.00000      0.00000     -5.29364 
     0.00000      0.00000      1.00000      3.82318 
     0.00000      0.00000      0.00000      1.00000 
new min:      0.56858      -7.9149      -7.3464 model    1 
     1.00000      0.00000      0.00000      0.00000 
     0.00000      1.00000      0.00000      0.00000 
     0.00000      0.00000      1.00000      0.00000 
     0.00000      0.00000      0.00000      1.00000 
     0.99951     -0.01391      0.02798     -3.03693 
     0.01475      0.99944     -0.02987     -5.08950 
    -0.02754      0.03027      0.99916      3.60258 
     0.00000      0.00000      0.00000      1.00000 
new min:      0.92315      -8.2708      -7.3477 model    1 
     1.00000      0.00000      0.00000      0.00000 
     0.00000      1.00000      0.00000      0.00000 
     0.00000      0.00000      1.00000      0.00000 
     0.00000      0.00000      0.00000      1.00000 
     0.99827     -0.03268      0.04890     -3.04119 
     0.03603      0.99695     -0.06925     -4.75627 
    -0.04648      0.07089      0.99640      3.27519 
     0.00000      0.00000      0.00000      1.00000 
new min:       1.0806      -8.5355      -7.4549 model    1 
     1.00000      0.00000      0.00000      0.00000 
     0.00000      1.00000      0.00000      0.00000 
     0.00000      0.00000      1.00000      0.00000 
     0.00000      0.00000      0.00000      1.00000 
     0.99842     -0.03815      0.04120     -2.92942 
     0.04132      0.99602     -0.07900     -4.67097 
    -0.03802      0.08057      0.99602      3.18735 
     0.00000      0.00000      0.00000      1.00000 
new min:        1.102      -8.7411      -7.6392 model    1 
     1.00000      0.00000      0.00000      0.00000 
     0.00000      1.00000      0.00000      0.00000 
     0.00000      0.00000      1.00000      0.00000 
     0.00000      0.00000      0.00000      1.00000 
     0.99873     -0.03961      0.03119     -2.83447 
     0.04202      0.99586     -0.08058     -4.65695 
    -0.02787      0.08179      0.99626      3.16878 
     0.00000      0.00000      0.00000      1.00000 
new min:      0.91103       -8.731        -7.82 model    1 
     1.00000      0.00000      0.00000      0.00000 
     0.00000      1.00000      0.00000      0.00000 
     0.00000      0.00000      1.00000      0.00000 
     0.00000      0.00000      0.00000      1.00000 
     0.99848     -0.04381      0.03348     -2.81579 
     0.04664      0.99496     -0.08877     -4.58435 
    -0.02942      0.09020      0.99549      3.10129 
     0.00000      0.00000      0.00000      1.00000 
new min:      0.69006      -8.8287      -8.1386 model    1 
     1.00000      0.00000      0.00000      0.00000 
     0.00000      1.00000      0.00000      0.00000 
     0.00000      0.00000      1.00000      0.00000 
     0.00000      0.00000      0.00000      1.00000 
     0.99844     -0.04953      0.02579     -2.70180 
     0.05185      0.99377     -0.09865     -4.49566 
    -0.02074      0.09983      0.99479      3.01644 
     0.00000      0.00000      0.00000      1.00000 
new min:      0.20551      -8.4951      -8.2896 model    1 
     1.00000      0.00000      0.00000      0.00000 
     0.00000      1.00000      0.00000      0.00000 
     0.00000      0.00000      1.00000      0.00000 
     0.00000      0.00000      0.00000      1.00000 
     0.99337     -0.05696      0.09985     -3.24093 
     0.07419      0.98117     -0.17833     -3.74234 
    -0.08781      0.18455      0.97889      2.43254 
     0.00000      0.00000      0.00000      1.00000 
new min:     -0.11959      -8.4489      -8.5685 model    1 
     1.00000      0.00000      0.00000      0.00000 
     0.00000      1.00000      0.00000      0.00000 
     0.00000      0.00000      1.00000      0.00000 
     0.00000      0.00000      0.00000      1.00000 
     0.99385     -0.05329      0.09703     -3.25076 
     0.06932      0.98298     -0.17016     -3.82263 
    -0.08632      0.17584      0.98063      2.49485 
     0.00000      0.00000      0.00000      1.00000 
new min:      0.65135      -9.2862      -8.6348 model    1 
     1.00000      0.00000      0.00000      0.00000 
     0.00000      1.00000      0.00000      0.00000 
     0.00000      0.00000      1.00000      0.00000 
     0.00000      0.00000      0.00000      1.00000 
     0.99515     -0.04217      0.08882     -3.23435 
     0.05486      0.98782     -0.14563     -4.04424 
    -0.08160      0.14980      0.98534      2.56161 
     0.00000      0.00000      0.00000      1.00000 
new min:      0.88241      -9.7085      -8.8261 model    1 
     1.00000      0.00000      0.00000      0.00000 
     0.00000      1.00000      0.00000      0.00000 
     0.00000      0.00000      1.00000      0.00000 
     0.00000      0.00000      0.00000      1.00000 
     0.99515     -0.04217      0.08882     -3.19754 
     0.05486      0.98782     -0.14563     -4.06104 
    -0.08160      0.14980      0.98534      2.48772 
     0.00000      0.00000      0.00000      1.00000 
new min:      0.74167      -9.8248      -9.0831 model    1 
     1.00000      0.00000      0.00000      0.00000 
     0.00000      1.00000      0.00000      0.00000 
     0.00000      0.00000      1.00000      0.00000 
     0.00000      0.00000      0.00000      1.00000 
     0.99515     -0.04217      0.08882     -3.17240 
     0.05486      0.98782     -0.14563     -4.10913 
    -0.08160      0.14980      0.98534      2.46316 
     0.00000      0.00000      0.00000      1.00000 
new min:       1.1804      -10.496      -9.3158 model    1 
     1.00000      0.00000      0.00000      0.00000 
     0.00000 